-- The C compiler identification is GNU 13.3.0
-- The CXX compiler identification is GNU 13.3.0
-- Detecting C compiler ABI info
-- Detecting C compiler ABI info - done
-- Check for working C compiler: /usr/bin/cc - skipped
-- Detecting C compile features
-- Detecting C compile features - done
-- Detecting CXX compiler ABI info
-- Detecting CXX compiler ABI info - done
-- Check for working CXX compiler: /usr/bin/c++ - skipped
-- Detecting CXX compile features
-- Detecting CXX compile features - done
-- Found ament_cmake: 2.5.4 (/opt/ros/jazzy/share/ament_cmake/cmake)
-- Found Python3: /usr/bin/python3 (found version "3.12.3") found components: Interpreter 
-- Override CMake install command with custom implementation using symlinks instead of copying resources
-- Configuring done (0.8s)
-- Generating done (0.0s)
-- Build files have been written to: /home/davinci/tb_ws/build/turtlebot3_bringup
-- Install configuration: ""
-- Execute custom install script
-- Symlinking: /home/davinci/tb_ws/install/turtlebot3_bringup/share/turtlebot3_bringup/launch/base.launch.py
-- Symlinking: /home/davinci/tb_ws/install/turtlebot3_bringup/share/turtlebot3_bringup/launch/fake.launch.py
-- Symlinking: /home/davinci/tb_ws/install/turtlebot3_bringup/share/turtlebot3_bringup/launch/gazebo.launch.py
-- Symlinking: /home/davinci/tb_ws/install/turtlebot3_bringup/share/turtlebot3_bringup/launch/hardware.launch.py
-- Symlinking: /home/davinci/tb_ws/install/turtlebot3_bringup/share/turtlebot3_bringup/config/burger/gazebo_controller_manager.yaml
-- Symlinking: /home/davinci/tb_ws/install/turtlebot3_bringup/share/turtlebot3_bringup/config/burger/hardware_controller_manager.yaml
-- Symlinking: /home/davinci/tb_ws/install/turtlebot3_bringup/share/turtlebot3_bringup/config/waffle_pi/gazebo_controller_manager.yaml
-- Symlinking: /home/davinci/tb_ws/install/turtlebot3_bringup/share/turtlebot3_bringup/config/waffle_pi/hardware_controller_manager.yaml
-- Symlinking: /home/davinci/tb_ws/install/turtlebot3_bringup/share/turtlebot3_bringup/script/99-turtlebot3-cdc.rules
-- Symlinking: /home/davinci/tb_ws/install/turtlebot3_bringup/share/turtlebot3_bringup/script/create_udev_rules
-- Symlinking: /home/davinci/tb_ws/install/turtlebot3_bringup/share/turtlebot3_bringup/worlds/empty_world.model
-- Symlinking: /home/davinci/tb_ws/install/turtlebot3_bringup/share/turtlebot3_bringup/worlds/turtlebot3_world.model
-- Symlinking: /home/davinci/tb_ws/install/turtlebot3_bringup/share/turtlebot3_bringup/worlds/turtlebot3_world/meshes/hexagon.dae
-- Symlinking: /home/davinci/tb_ws/install/turtlebot3_bringup/share/turtlebot3_bringup/worlds/turtlebot3_world/meshes/wall.dae
-- Symlinking: /home/davinci/tb_ws/install/turtlebot3_bringup/share/turtlebot3_bringup/worlds/turtlebot3_world/model-1_4.sdf
-- Symlinking: /home/davinci/tb_ws/install/turtlebot3_bringup/share/turtlebot3_bringup/worlds/turtlebot3_world/model.config
-- Symlinking: /home/davinci/tb_ws/install/turtlebot3_bringup/share/turtlebot3_bringup/worlds/turtlebot3_world/model.sdf
-- Symlinking: /home/davinci/tb_ws/install/turtlebot3_bringup/share/turtlebot3_bringup/rviz/turtlebot3.rviz
-- Symlinking: /home/davinci/tb_ws/install/turtlebot3_bringup/share/turtlebot3_bringup/environment/turtlebot3_bringup.dsv
-- Symlinking: /home/davinci/tb_ws/install/turtlebot3_bringup/share/ament_index/resource_index/package_run_dependencies/turtlebot3_bringup
-- Symlinking: /home/davinci/tb_ws/install/turtlebot3_bringup/share/ament_index/resource_index/parent_prefix_path/turtlebot3_bringup
-- Symlinking: /home/davinci/tb_ws/install/turtlebot3_bringup/share/turtlebot3_bringup/environment/ament_prefix_path.sh
-- Symlinking: /home/davinci/tb_ws/install/turtlebot3_bringup/share/turtlebot3_bringup/environment/ament_prefix_path.dsv
-- Symlinking: /home/davinci/tb_ws/install/turtlebot3_bringup/share/turtlebot3_bringup/environment/path.sh
-- Symlinking: /home/davinci/tb_ws/install/turtlebot3_bringup/share/turtlebot3_bringup/environment/path.dsv
-- Symlinking: /home/davinci/tb_ws/install/turtlebot3_bringup/share/turtlebot3_bringup/local_setup.bash
-- Symlinking: /home/davinci/tb_ws/install/turtlebot3_bringup/share/turtlebot3_bringup/local_setup.sh
-- Symlinking: /home/davinci/tb_ws/install/turtlebot3_bringup/share/turtlebot3_bringup/local_setup.zsh
-- Symlinking: /home/davinci/tb_ws/install/turtlebot3_bringup/share/turtlebot3_bringup/local_setup.dsv
-- Symlinking: /home/davinci/tb_ws/install/turtlebot3_bringup/share/turtlebot3_bringup/package.dsv
-- Symlinking: /home/davinci/tb_ws/install/turtlebot3_bringup/share/ament_index/resource_index/packages/turtlebot3_bringup
-- Symlinking: /home/davinci/tb_ws/install/turtlebot3_bringup/share/turtlebot3_bringup/cmake/turtlebot3_bringupConfig.cmake
-- Symlinking: /home/davinci/tb_ws/install/turtlebot3_bringup/share/turtlebot3_bringup/cmake/turtlebot3_bringupConfig-version.cmake
-- Symlinking: /home/davinci/tb_ws/install/turtlebot3_bringup/share/turtlebot3_bringup/package.xml
