[0.031s] Invoking command in '/home/davinci/tb_ws/build/turtlebot3_cartographer': CMAKE_PREFIX_PATH=${CMAKE_PREFIX_PATH}:/home/davinci/ros3_ws/install/my_py_pkg:/opt/ros/jazzy DEBUGINFOD_URLS=https://debuginfod.ubuntu.com /usr/bin/cmake /home/davinci/tb_ws/src/turtlebot3/turtlebot3_cartographer -DAMENT_CMAKE_SYMLINK_INSTALL=1 -DCMAKE_INSTALL_PREFIX=/home/davinci/tb_ws/install/turtlebot3_cartographer
[0.360s] -- The C compiler identification is GNU 13.3.0
[0.360s] -- The CXX compiler identification is GNU 13.3.0
[0.361s] -- Detecting C compiler ABI info
[0.436s] -- Detecting C compiler ABI info - done
[0.451s] -- Check for working C compiler: /usr/bin/cc - skipped
[0.452s] -- Detecting C compile features
[0.453s] -- Detecting C compile features - done
[0.465s] -- Detecting CXX compiler ABI info
[0.608s] -- Detecting CXX compiler ABI info - done
[0.624s] -- Check for working CXX compiler: /usr/bin/c++ - skipped
[0.624s] -- Detecting CXX compile features
[0.625s] -- Detecting CXX compile features - done
[0.633s] -- Found ament_cmake: 2.5.4 (/opt/ros/jazzy/share/ament_cmake/cmake)
[0.878s] -- Found Python3: /usr/bin/python3 (found version "3.12.3") found components: Interpreter 
[1.002s] -- Override CMake install command with custom implementation using symlinks instead of copying resources
[1.201s] -- Configuring done (1.1s)
[1.204s] -- Generating done (0.0s)
[1.206s] -- Build files have been written to: /home/davinci/tb_ws/build/turtlebot3_cartographer
[1.215s] Invoked command in '/home/davinci/tb_ws/build/turtlebot3_cartographer' returned '0': CMAKE_PREFIX_PATH=${CMAKE_PREFIX_PATH}:/home/davinci/ros3_ws/install/my_py_pkg:/opt/ros/jazzy DEBUGINFOD_URLS=https://debuginfod.ubuntu.com /usr/bin/cmake /home/davinci/tb_ws/src/turtlebot3/turtlebot3_cartographer -DAMENT_CMAKE_SYMLINK_INSTALL=1 -DCMAKE_INSTALL_PREFIX=/home/davinci/tb_ws/install/turtlebot3_cartographer
[1.216s] Invoking command in '/home/davinci/tb_ws/build/turtlebot3_cartographer': CMAKE_PREFIX_PATH=${CMAKE_PREFIX_PATH}:/home/davinci/ros3_ws/install/my_py_pkg:/opt/ros/jazzy DEBUGINFOD_URLS=https://debuginfod.ubuntu.com /usr/bin/cmake --build /home/davinci/tb_ws/build/turtlebot3_cartographer -- -j8 -l8
[1.275s] Invoked command in '/home/davinci/tb_ws/build/turtlebot3_cartographer' returned '0': CMAKE_PREFIX_PATH=${CMAKE_PREFIX_PATH}:/home/davinci/ros3_ws/install/my_py_pkg:/opt/ros/jazzy DEBUGINFOD_URLS=https://debuginfod.ubuntu.com /usr/bin/cmake --build /home/davinci/tb_ws/build/turtlebot3_cartographer -- -j8 -l8
[1.276s] Invoking command in '/home/davinci/tb_ws/build/turtlebot3_cartographer': CMAKE_PREFIX_PATH=${CMAKE_PREFIX_PATH}:/home/davinci/ros3_ws/install/my_py_pkg:/opt/ros/jazzy DEBUGINFOD_URLS=https://debuginfod.ubuntu.com /usr/bin/cmake --install /home/davinci/tb_ws/build/turtlebot3_cartographer
[1.291s] -- Install configuration: ""
[1.291s] -- Execute custom install script
[1.291s] -- Symlinking: /home/davinci/tb_ws/install/turtlebot3_cartographer/share/turtlebot3_cartographer/config/turtlebot3_2d.lua
[1.306s] -- Symlinking: /home/davinci/tb_ws/install/turtlebot3_cartographer/share/turtlebot3_cartographer/launch/cartographer.launch.py
[1.319s] -- Symlinking: /home/davinci/tb_ws/install/turtlebot3_cartographer/share/turtlebot3_cartographer/rviz/cartographer.rviz
[1.333s] -- Symlinking: /home/davinci/tb_ws/install/turtlebot3_cartographer/share/ament_index/resource_index/package_run_dependencies/turtlebot3_cartographer
[1.347s] -- Symlinking: /home/davinci/tb_ws/install/turtlebot3_cartographer/share/ament_index/resource_index/parent_prefix_path/turtlebot3_cartographer
[1.359s] -- Symlinking: /home/davinci/tb_ws/install/turtlebot3_cartographer/share/turtlebot3_cartographer/environment/ament_prefix_path.sh
[1.372s] -- Symlinking: /home/davinci/tb_ws/install/turtlebot3_cartographer/share/turtlebot3_cartographer/environment/ament_prefix_path.dsv
[1.388s] -- Symlinking: /home/davinci/tb_ws/install/turtlebot3_cartographer/share/turtlebot3_cartographer/environment/path.sh
[1.401s] -- Symlinking: /home/davinci/tb_ws/install/turtlebot3_cartographer/share/turtlebot3_cartographer/environment/path.dsv
[1.412s] -- Symlinking: /home/davinci/tb_ws/install/turtlebot3_cartographer/share/turtlebot3_cartographer/local_setup.bash
[1.425s] -- Symlinking: /home/davinci/tb_ws/install/turtlebot3_cartographer/share/turtlebot3_cartographer/local_setup.sh
[1.438s] -- Symlinking: /home/davinci/tb_ws/install/turtlebot3_cartographer/share/turtlebot3_cartographer/local_setup.zsh
[1.451s] -- Symlinking: /home/davinci/tb_ws/install/turtlebot3_cartographer/share/turtlebot3_cartographer/local_setup.dsv
[1.464s] -- Symlinking: /home/davinci/tb_ws/install/turtlebot3_cartographer/share/turtlebot3_cartographer/package.dsv
[1.474s] -- Symlinking: /home/davinci/tb_ws/install/turtlebot3_cartographer/share/ament_index/resource_index/packages/turtlebot3_cartographer
[1.485s] -- Symlinking: /home/davinci/tb_ws/install/turtlebot3_cartographer/share/turtlebot3_cartographer/cmake/turtlebot3_cartographerConfig.cmake
[1.500s] -- Symlinking: /home/davinci/tb_ws/install/turtlebot3_cartographer/share/turtlebot3_cartographer/cmake/turtlebot3_cartographerConfig-version.cmake
[1.512s] -- Symlinking: /home/davinci/tb_ws/install/turtlebot3_cartographer/share/turtlebot3_cartographer/package.xml
[1.528s] Invoked command in '/home/davinci/tb_ws/build/turtlebot3_cartographer' returned '0': CMAKE_PREFIX_PATH=${CMAKE_PREFIX_PATH}:/home/davinci/ros3_ws/install/my_py_pkg:/opt/ros/jazzy DEBUGINFOD_URLS=https://debuginfod.ubuntu.com /usr/bin/cmake --install /home/davinci/tb_ws/build/turtlebot3_cartographer
