-- The C compiler identification is GNU 13.3.0
-- The CXX compiler identification is GNU 13.3.0
-- Detecting C compiler ABI info
-- Detecting C compiler ABI info - done
-- Check for working C compiler: /usr/bin/cc - skipped
-- Detecting C compile features
-- Detecting C compile features - done
-- Detecting CXX compiler ABI info
-- Detecting CXX compiler ABI info - done
-- Check for working CXX compiler: /usr/bin/c++ - skipped
-- Detecting CXX compile features
-- Detecting CXX compile features - done
-- Found ament_cmake: 2.5.4 (/opt/ros/jazzy/share/ament_cmake/cmake)
-- Found Python3: /usr/bin/python3 (found version "3.12.3") found components: Interpreter 
-- Override CMake install command with custom implementation using symlinks instead of copying resources
-- Configuring done (1.0s)
-- Generating done (0.0s)
-- Build files have been written to: /home/davinci/tb_ws/build/turtlebot3_slam_toolbox
-- Install configuration: ""
-- Execute custom install script
-- Symlinking: /home/davinci/tb_ws/install/turtlebot3_slam_toolbox/share/turtlebot3_slam_toolbox/config/slam_toolbox_mapping.yaml
-- Symlinking: /home/davinci/tb_ws/install/turtlebot3_slam_toolbox/share/turtlebot3_slam_toolbox/launch/slam_toolbox.launch.py
-- Symlinking: /home/davinci/tb_ws/install/turtlebot3_slam_toolbox/share/turtlebot3_slam_toolbox/rviz/slam_toolbox.rviz
-- Symlinking: /home/davinci/tb_ws/install/turtlebot3_slam_toolbox/share/ament_index/resource_index/package_run_dependencies/turtlebot3_slam_toolbox
-- Symlinking: /home/davinci/tb_ws/install/turtlebot3_slam_toolbox/share/ament_index/resource_index/parent_prefix_path/turtlebot3_slam_toolbox
-- Symlinking: /home/davinci/tb_ws/install/turtlebot3_slam_toolbox/share/turtlebot3_slam_toolbox/environment/ament_prefix_path.sh
-- Symlinking: /home/davinci/tb_ws/install/turtlebot3_slam_toolbox/share/turtlebot3_slam_toolbox/environment/ament_prefix_path.dsv
-- Symlinking: /home/davinci/tb_ws/install/turtlebot3_slam_toolbox/share/turtlebot3_slam_toolbox/environment/path.sh
-- Symlinking: /home/davinci/tb_ws/install/turtlebot3_slam_toolbox/share/turtlebot3_slam_toolbox/environment/path.dsv
-- Symlinking: /home/davinci/tb_ws/install/turtlebot3_slam_toolbox/share/turtlebot3_slam_toolbox/local_setup.bash
-- Symlinking: /home/davinci/tb_ws/install/turtlebot3_slam_toolbox/share/turtlebot3_slam_toolbox/local_setup.sh
-- Symlinking: /home/davinci/tb_ws/install/turtlebot3_slam_toolbox/share/turtlebot3_slam_toolbox/local_setup.zsh
-- Symlinking: /home/davinci/tb_ws/install/turtlebot3_slam_toolbox/share/turtlebot3_slam_toolbox/local_setup.dsv
-- Symlinking: /home/davinci/tb_ws/install/turtlebot3_slam_toolbox/share/turtlebot3_slam_toolbox/package.dsv
-- Symlinking: /home/davinci/tb_ws/install/turtlebot3_slam_toolbox/share/ament_index/resource_index/packages/turtlebot3_slam_toolbox
-- Symlinking: /home/davinci/tb_ws/install/turtlebot3_slam_toolbox/share/turtlebot3_slam_toolbox/cmake/turtlebot3_slam_toolboxConfig.cmake
-- Symlinking: /home/davinci/tb_ws/install/turtlebot3_slam_toolbox/share/turtlebot3_slam_toolbox/cmake/turtlebot3_slam_toolboxConfig-version.cmake
-- Symlinking: /home/davinci/tb_ws/install/turtlebot3_slam_toolbox/share/turtlebot3_slam_toolbox/package.xml
