[0.347s] Invoking command in '/home/davinci/tb_ws/build/turtlebot3_slam_toolbox': CMAKE_PREFIX_PATH=${CMAKE_PREFIX_PATH}:/home/davinci/ros3_ws/install/my_py_pkg:/opt/ros/jazzy DEBUGINFOD_URLS=https://debuginfod.ubuntu.com /usr/bin/cmake /home/davinci/tb_ws/src/turtlebot3/turtlebot3_slam_toolbox -DAMENT_CMAKE_SYMLINK_INSTALL=1 -DCMAKE_INSTALL_PREFIX=/home/davinci/tb_ws/install/turtlebot3_slam_toolbox
[0.421s] -- The C compiler identification is GNU 13.3.0
[0.505s] -- The CXX compiler identification is GNU 13.3.0
[0.529s] -- Detecting C compiler ABI info
[0.639s] -- Detecting C compiler ABI info - done
[0.652s] -- Check for working C compiler: /usr/bin/cc - skipped
[0.652s] -- Detecting C compile features
[0.653s] -- Detecting C compile features - done
[0.666s] -- Detecting CXX compiler ABI info
[0.790s] -- Detecting CXX compiler ABI info - done
[0.800s] -- Check for working CXX compiler: /usr/bin/c++ - skipped
[0.800s] -- Detecting CXX compile features
[0.801s] -- Detecting CXX compile features - done
[0.806s] -- Found ament_cmake: 2.5.4 (/opt/ros/jazzy/share/ament_cmake/cmake)
[0.997s] -- Found Python3: /usr/bin/python3 (found version "3.12.3") found components: Interpreter 
[1.096s] -- Override CMake install command with custom implementation using symlinks instead of copying resources
[1.318s] -- Configuring done (1.0s)
[1.321s] -- Generating done (0.0s)
[1.323s] -- Build files have been written to: /home/davinci/tb_ws/build/turtlebot3_slam_toolbox
[1.328s] Invoked command in '/home/davinci/tb_ws/build/turtlebot3_slam_toolbox' returned '0': CMAKE_PREFIX_PATH=${CMAKE_PREFIX_PATH}:/home/davinci/ros3_ws/install/my_py_pkg:/opt/ros/jazzy DEBUGINFOD_URLS=https://debuginfod.ubuntu.com /usr/bin/cmake /home/davinci/tb_ws/src/turtlebot3/turtlebot3_slam_toolbox -DAMENT_CMAKE_SYMLINK_INSTALL=1 -DCMAKE_INSTALL_PREFIX=/home/davinci/tb_ws/install/turtlebot3_slam_toolbox
[1.330s] Invoking command in '/home/davinci/tb_ws/build/turtlebot3_slam_toolbox': CMAKE_PREFIX_PATH=${CMAKE_PREFIX_PATH}:/home/davinci/ros3_ws/install/my_py_pkg:/opt/ros/jazzy DEBUGINFOD_URLS=https://debuginfod.ubuntu.com /usr/bin/cmake --build /home/davinci/tb_ws/build/turtlebot3_slam_toolbox -- -j8 -l8
[1.385s] Invoked command in '/home/davinci/tb_ws/build/turtlebot3_slam_toolbox' returned '0': CMAKE_PREFIX_PATH=${CMAKE_PREFIX_PATH}:/home/davinci/ros3_ws/install/my_py_pkg:/opt/ros/jazzy DEBUGINFOD_URLS=https://debuginfod.ubuntu.com /usr/bin/cmake --build /home/davinci/tb_ws/build/turtlebot3_slam_toolbox -- -j8 -l8
[1.386s] Invoking command in '/home/davinci/tb_ws/build/turtlebot3_slam_toolbox': CMAKE_PREFIX_PATH=${CMAKE_PREFIX_PATH}:/home/davinci/ros3_ws/install/my_py_pkg:/opt/ros/jazzy DEBUGINFOD_URLS=https://debuginfod.ubuntu.com /usr/bin/cmake --install /home/davinci/tb_ws/build/turtlebot3_slam_toolbox
[1.396s] -- Install configuration: ""
[1.397s] -- Execute custom install script
[1.399s] -- Symlinking: /home/davinci/tb_ws/install/turtlebot3_slam_toolbox/share/turtlebot3_slam_toolbox/config/slam_toolbox_mapping.yaml
[1.411s] -- Symlinking: /home/davinci/tb_ws/install/turtlebot3_slam_toolbox/share/turtlebot3_slam_toolbox/launch/slam_toolbox.launch.py
[1.425s] -- Symlinking: /home/davinci/tb_ws/install/turtlebot3_slam_toolbox/share/turtlebot3_slam_toolbox/rviz/slam_toolbox.rviz
[1.439s] -- Symlinking: /home/davinci/tb_ws/install/turtlebot3_slam_toolbox/share/ament_index/resource_index/package_run_dependencies/turtlebot3_slam_toolbox
[1.453s] -- Symlinking: /home/davinci/tb_ws/install/turtlebot3_slam_toolbox/share/ament_index/resource_index/parent_prefix_path/turtlebot3_slam_toolbox
[1.468s] -- Symlinking: /home/davinci/tb_ws/install/turtlebot3_slam_toolbox/share/turtlebot3_slam_toolbox/environment/ament_prefix_path.sh
[1.483s] -- Symlinking: /home/davinci/tb_ws/install/turtlebot3_slam_toolbox/share/turtlebot3_slam_toolbox/environment/ament_prefix_path.dsv
[1.495s] -- Symlinking: /home/davinci/tb_ws/install/turtlebot3_slam_toolbox/share/turtlebot3_slam_toolbox/environment/path.sh
[1.508s] -- Symlinking: /home/davinci/tb_ws/install/turtlebot3_slam_toolbox/share/turtlebot3_slam_toolbox/environment/path.dsv
[1.523s] -- Symlinking: /home/davinci/tb_ws/install/turtlebot3_slam_toolbox/share/turtlebot3_slam_toolbox/local_setup.bash
[1.538s] -- Symlinking: /home/davinci/tb_ws/install/turtlebot3_slam_toolbox/share/turtlebot3_slam_toolbox/local_setup.sh
[1.554s] -- Symlinking: /home/davinci/tb_ws/install/turtlebot3_slam_toolbox/share/turtlebot3_slam_toolbox/local_setup.zsh
[1.564s] -- Symlinking: /home/davinci/tb_ws/install/turtlebot3_slam_toolbox/share/turtlebot3_slam_toolbox/local_setup.dsv
[1.575s] -- Symlinking: /home/davinci/tb_ws/install/turtlebot3_slam_toolbox/share/turtlebot3_slam_toolbox/package.dsv
[1.586s] -- Symlinking: /home/davinci/tb_ws/install/turtlebot3_slam_toolbox/share/ament_index/resource_index/packages/turtlebot3_slam_toolbox
[1.596s] -- Symlinking: /home/davinci/tb_ws/install/turtlebot3_slam_toolbox/share/turtlebot3_slam_toolbox/cmake/turtlebot3_slam_toolboxConfig.cmake
[1.608s] -- Symlinking: /home/davinci/tb_ws/install/turtlebot3_slam_toolbox/share/turtlebot3_slam_toolbox/cmake/turtlebot3_slam_toolboxConfig-version.cmake
[1.621s] -- Symlinking: /home/davinci/tb_ws/install/turtlebot3_slam_toolbox/share/turtlebot3_slam_toolbox/package.xml
[1.636s] Invoked command in '/home/davinci/tb_ws/build/turtlebot3_slam_toolbox' returned '0': CMAKE_PREFIX_PATH=${CMAKE_PREFIX_PATH}:/home/davinci/ros3_ws/install/my_py_pkg:/opt/ros/jazzy DEBUGINFOD_URLS=https://debuginfod.ubuntu.com /usr/bin/cmake --install /home/davinci/tb_ws/build/turtlebot3_slam_toolbox
