[0.017s] Invoking command in '/home/davinci/tb_ws/build/turtlebot3_simulations': AMENT_PREFIX_PATH=/home/davinci/tb_ws/install/turtlebot3_fake_node:/home/davinci/tb_ws/install/turtlebot3_msgs:/home/davinci/tb_ws/install/turtlebot3_gazebo:${AMENT_PREFIX_PATH} CMAKE_PREFIX_PATH=/home/davinci/tb_ws/install/turtlebot3_fake_node:/home/davinci/tb_ws/install/turtlebot3_msgs:/home/davinci/tb_ws/install/turtlebot3_gazebo:/home/davinci/ros3_ws/install/ydlidar_ros2_driver:/home/davinci/ros3_ws/install/my_cpp_pkg:/opt/ros/jazzy/opt/gz_sim_vendor:/opt/ros/jazzy/opt/gz_sensors_vendor:/opt/ros/jazzy/opt/gz_physics_vendor:/opt/ros/jazzy/opt/sdformat_vendor:/opt/ros/jazzy/opt/gz_gui_vendor:/opt/ros/jazzy/opt/gz_transport_vendor:/opt/ros/jazzy/opt/gz_rendering_vendor:/opt/ros/jazzy/opt/gz_plugin_vendor:/opt/ros/jazzy/opt/gz_fuel_tools_vendor:/opt/ros/jazzy/opt/gz_msgs_vendor:/opt/ros/jazzy/opt/gz_common_vendor:/opt/ros/jazzy/opt/gz_math_vendor:/opt/ros/jazzy/opt/gz_utils_vendor:/opt/ros/jazzy/opt/gz_tools_vendor:/opt/ros/jazzy/opt/gz_ogre_next_vendor:/opt/ros/jazzy/opt/gz_dartsim_vendor:/opt/ros/jazzy/opt/gz_cmake_vendor:/home/davinci/ros3_ws/install/my_py_pkg:/opt/ros/jazzy DEBUGINFOD_URLS=https://debuginfod.ubuntu.com LD_LIBRARY_PATH=/home/davinci/tb_ws/install/turtlebot3_msgs/lib:${LD_LIBRARY_PATH} PYTHONPATH=/home/davinci/tb_ws/install/turtlebot3_msgs/lib/python3.12/site-packages:${PYTHONPATH} /usr/bin/cmake /home/davinci/tb_ws/src/turtlebot3_simulations/turtlebot3_simulations -DAMENT_CMAKE_SYMLINK_INSTALL=1 -DCMAKE_INSTALL_PREFIX=/home/davinci/tb_ws/install/turtlebot3_simulations
[0.112s] -- The C compiler identification is GNU 13.3.0
[0.233s] -- The CXX compiler identification is GNU 13.3.0
[0.260s] -- Detecting C compiler ABI info
[0.413s] -- Detecting C compiler ABI info - done
[0.432s] -- Check for working C compiler: /usr/bin/cc - skipped
[0.432s] -- Detecting C compile features
[0.433s] -- Detecting C compile features - done
[0.449s] -- Detecting CXX compiler ABI info
[0.620s] -- Detecting CXX compiler ABI info - done
[0.634s] -- Check for working CXX compiler: /usr/bin/c++ - skipped
[0.634s] -- Detecting CXX compile features
[0.635s] -- Detecting CXX compile features - done
[0.640s] -- Found ament_cmake: 2.5.4 (/opt/ros/jazzy/share/ament_cmake/cmake)
[0.910s] -- Found Python3: /usr/bin/python3 (found version "3.12.3") found components: Interpreter 
[1.055s] -- Override CMake install command with custom implementation using symlinks instead of copying resources
[1.298s] -- Configuring done (1.3s)
[1.302s] -- Generating done (0.0s)
[1.304s] -- Build files have been written to: /home/davinci/tb_ws/build/turtlebot3_simulations
[1.315s] Invoked command in '/home/davinci/tb_ws/build/turtlebot3_simulations' returned '0': AMENT_PREFIX_PATH=/home/davinci/tb_ws/install/turtlebot3_fake_node:/home/davinci/tb_ws/install/turtlebot3_msgs:/home/davinci/tb_ws/install/turtlebot3_gazebo:${AMENT_PREFIX_PATH} CMAKE_PREFIX_PATH=/home/davinci/tb_ws/install/turtlebot3_fake_node:/home/davinci/tb_ws/install/turtlebot3_msgs:/home/davinci/tb_ws/install/turtlebot3_gazebo:/home/davinci/ros3_ws/install/ydlidar_ros2_driver:/home/davinci/ros3_ws/install/my_cpp_pkg:/opt/ros/jazzy/opt/gz_sim_vendor:/opt/ros/jazzy/opt/gz_sensors_vendor:/opt/ros/jazzy/opt/gz_physics_vendor:/opt/ros/jazzy/opt/sdformat_vendor:/opt/ros/jazzy/opt/gz_gui_vendor:/opt/ros/jazzy/opt/gz_transport_vendor:/opt/ros/jazzy/opt/gz_rendering_vendor:/opt/ros/jazzy/opt/gz_plugin_vendor:/opt/ros/jazzy/opt/gz_fuel_tools_vendor:/opt/ros/jazzy/opt/gz_msgs_vendor:/opt/ros/jazzy/opt/gz_common_vendor:/opt/ros/jazzy/opt/gz_math_vendor:/opt/ros/jazzy/opt/gz_utils_vendor:/opt/ros/jazzy/opt/gz_tools_vendor:/opt/ros/jazzy/opt/gz_ogre_next_vendor:/opt/ros/jazzy/opt/gz_dartsim_vendor:/opt/ros/jazzy/opt/gz_cmake_vendor:/home/davinci/ros3_ws/install/my_py_pkg:/opt/ros/jazzy DEBUGINFOD_URLS=https://debuginfod.ubuntu.com LD_LIBRARY_PATH=/home/davinci/tb_ws/install/turtlebot3_msgs/lib:${LD_LIBRARY_PATH} PYTHONPATH=/home/davinci/tb_ws/install/turtlebot3_msgs/lib/python3.12/site-packages:${PYTHONPATH} /usr/bin/cmake /home/davinci/tb_ws/src/turtlebot3_simulations/turtlebot3_simulations -DAMENT_CMAKE_SYMLINK_INSTALL=1 -DCMAKE_INSTALL_PREFIX=/home/davinci/tb_ws/install/turtlebot3_simulations
[1.316s] Invoking command in '/home/davinci/tb_ws/build/turtlebot3_simulations': AMENT_PREFIX_PATH=/home/davinci/tb_ws/install/turtlebot3_fake_node:/home/davinci/tb_ws/install/turtlebot3_msgs:/home/davinci/tb_ws/install/turtlebot3_gazebo:${AMENT_PREFIX_PATH} CMAKE_PREFIX_PATH=/home/davinci/tb_ws/install/turtlebot3_fake_node:/home/davinci/tb_ws/install/turtlebot3_msgs:/home/davinci/tb_ws/install/turtlebot3_gazebo:/home/davinci/ros3_ws/install/ydlidar_ros2_driver:/home/davinci/ros3_ws/install/my_cpp_pkg:/opt/ros/jazzy/opt/gz_sim_vendor:/opt/ros/jazzy/opt/gz_sensors_vendor:/opt/ros/jazzy/opt/gz_physics_vendor:/opt/ros/jazzy/opt/sdformat_vendor:/opt/ros/jazzy/opt/gz_gui_vendor:/opt/ros/jazzy/opt/gz_transport_vendor:/opt/ros/jazzy/opt/gz_rendering_vendor:/opt/ros/jazzy/opt/gz_plugin_vendor:/opt/ros/jazzy/opt/gz_fuel_tools_vendor:/opt/ros/jazzy/opt/gz_msgs_vendor:/opt/ros/jazzy/opt/gz_common_vendor:/opt/ros/jazzy/opt/gz_math_vendor:/opt/ros/jazzy/opt/gz_utils_vendor:/opt/ros/jazzy/opt/gz_tools_vendor:/opt/ros/jazzy/opt/gz_ogre_next_vendor:/opt/ros/jazzy/opt/gz_dartsim_vendor:/opt/ros/jazzy/opt/gz_cmake_vendor:/home/davinci/ros3_ws/install/my_py_pkg:/opt/ros/jazzy DEBUGINFOD_URLS=https://debuginfod.ubuntu.com LD_LIBRARY_PATH=/home/davinci/tb_ws/install/turtlebot3_msgs/lib:${LD_LIBRARY_PATH} PYTHONPATH=/home/davinci/tb_ws/install/turtlebot3_msgs/lib/python3.12/site-packages:${PYTHONPATH} /usr/bin/cmake --build /home/davinci/tb_ws/build/turtlebot3_simulations -- -j8 -l8
[1.402s] Invoked command in '/home/davinci/tb_ws/build/turtlebot3_simulations' returned '0': AMENT_PREFIX_PATH=/home/davinci/tb_ws/install/turtlebot3_fake_node:/home/davinci/tb_ws/install/turtlebot3_msgs:/home/davinci/tb_ws/install/turtlebot3_gazebo:${AMENT_PREFIX_PATH} CMAKE_PREFIX_PATH=/home/davinci/tb_ws/install/turtlebot3_fake_node:/home/davinci/tb_ws/install/turtlebot3_msgs:/home/davinci/tb_ws/install/turtlebot3_gazebo:/home/davinci/ros3_ws/install/ydlidar_ros2_driver:/home/davinci/ros3_ws/install/my_cpp_pkg:/opt/ros/jazzy/opt/gz_sim_vendor:/opt/ros/jazzy/opt/gz_sensors_vendor:/opt/ros/jazzy/opt/gz_physics_vendor:/opt/ros/jazzy/opt/sdformat_vendor:/opt/ros/jazzy/opt/gz_gui_vendor:/opt/ros/jazzy/opt/gz_transport_vendor:/opt/ros/jazzy/opt/gz_rendering_vendor:/opt/ros/jazzy/opt/gz_plugin_vendor:/opt/ros/jazzy/opt/gz_fuel_tools_vendor:/opt/ros/jazzy/opt/gz_msgs_vendor:/opt/ros/jazzy/opt/gz_common_vendor:/opt/ros/jazzy/opt/gz_math_vendor:/opt/ros/jazzy/opt/gz_utils_vendor:/opt/ros/jazzy/opt/gz_tools_vendor:/opt/ros/jazzy/opt/gz_ogre_next_vendor:/opt/ros/jazzy/opt/gz_dartsim_vendor:/opt/ros/jazzy/opt/gz_cmake_vendor:/home/davinci/ros3_ws/install/my_py_pkg:/opt/ros/jazzy DEBUGINFOD_URLS=https://debuginfod.ubuntu.com LD_LIBRARY_PATH=/home/davinci/tb_ws/install/turtlebot3_msgs/lib:${LD_LIBRARY_PATH} PYTHONPATH=/home/davinci/tb_ws/install/turtlebot3_msgs/lib/python3.12/site-packages:${PYTHONPATH} /usr/bin/cmake --build /home/davinci/tb_ws/build/turtlebot3_simulations -- -j8 -l8
[1.404s] Invoking command in '/home/davinci/tb_ws/build/turtlebot3_simulations': AMENT_PREFIX_PATH=/home/davinci/tb_ws/install/turtlebot3_fake_node:/home/davinci/tb_ws/install/turtlebot3_msgs:/home/davinci/tb_ws/install/turtlebot3_gazebo:${AMENT_PREFIX_PATH} CMAKE_PREFIX_PATH=/home/davinci/tb_ws/install/turtlebot3_fake_node:/home/davinci/tb_ws/install/turtlebot3_msgs:/home/davinci/tb_ws/install/turtlebot3_gazebo:/home/davinci/ros3_ws/install/ydlidar_ros2_driver:/home/davinci/ros3_ws/install/my_cpp_pkg:/opt/ros/jazzy/opt/gz_sim_vendor:/opt/ros/jazzy/opt/gz_sensors_vendor:/opt/ros/jazzy/opt/gz_physics_vendor:/opt/ros/jazzy/opt/sdformat_vendor:/opt/ros/jazzy/opt/gz_gui_vendor:/opt/ros/jazzy/opt/gz_transport_vendor:/opt/ros/jazzy/opt/gz_rendering_vendor:/opt/ros/jazzy/opt/gz_plugin_vendor:/opt/ros/jazzy/opt/gz_fuel_tools_vendor:/opt/ros/jazzy/opt/gz_msgs_vendor:/opt/ros/jazzy/opt/gz_common_vendor:/opt/ros/jazzy/opt/gz_math_vendor:/opt/ros/jazzy/opt/gz_utils_vendor:/opt/ros/jazzy/opt/gz_tools_vendor:/opt/ros/jazzy/opt/gz_ogre_next_vendor:/opt/ros/jazzy/opt/gz_dartsim_vendor:/opt/ros/jazzy/opt/gz_cmake_vendor:/home/davinci/ros3_ws/install/my_py_pkg:/opt/ros/jazzy DEBUGINFOD_URLS=https://debuginfod.ubuntu.com LD_LIBRARY_PATH=/home/davinci/tb_ws/install/turtlebot3_msgs/lib:${LD_LIBRARY_PATH} PYTHONPATH=/home/davinci/tb_ws/install/turtlebot3_msgs/lib/python3.12/site-packages:${PYTHONPATH} /usr/bin/cmake --install /home/davinci/tb_ws/build/turtlebot3_simulations
[1.418s] -- Install configuration: ""
[1.419s] -- Execute custom install script
[1.419s] -- Symlinking: /home/davinci/tb_ws/install/turtlebot3_simulations/share/ament_index/resource_index/package_run_dependencies/turtlebot3_simulations
[1.438s] -- Symlinking: /home/davinci/tb_ws/install/turtlebot3_simulations/share/ament_index/resource_index/parent_prefix_path/turtlebot3_simulations
[1.456s] -- Symlinking: /home/davinci/tb_ws/install/turtlebot3_simulations/share/turtlebot3_simulations/environment/ament_prefix_path.sh
[1.473s] -- Symlinking: /home/davinci/tb_ws/install/turtlebot3_simulations/share/turtlebot3_simulations/environment/ament_prefix_path.dsv
[1.490s] -- Symlinking: /home/davinci/tb_ws/install/turtlebot3_simulations/share/turtlebot3_simulations/environment/path.sh
[1.509s] -- Symlinking: /home/davinci/tb_ws/install/turtlebot3_simulations/share/turtlebot3_simulations/environment/path.dsv
[1.527s] -- Symlinking: /home/davinci/tb_ws/install/turtlebot3_simulations/share/turtlebot3_simulations/local_setup.bash
[1.544s] -- Symlinking: /home/davinci/tb_ws/install/turtlebot3_simulations/share/turtlebot3_simulations/local_setup.sh
[1.561s] -- Symlinking: /home/davinci/tb_ws/install/turtlebot3_simulations/share/turtlebot3_simulations/local_setup.zsh
[1.575s] -- Symlinking: /home/davinci/tb_ws/install/turtlebot3_simulations/share/turtlebot3_simulations/local_setup.dsv
[1.586s] -- Symlinking: /home/davinci/tb_ws/install/turtlebot3_simulations/share/turtlebot3_simulations/package.dsv
[1.595s] -- Symlinking: /home/davinci/tb_ws/install/turtlebot3_simulations/share/ament_index/resource_index/packages/turtlebot3_simulations
[1.606s] -- Symlinking: /home/davinci/tb_ws/install/turtlebot3_simulations/share/turtlebot3_simulations/cmake/turtlebot3_simulationsConfig.cmake
[1.619s] -- Symlinking: /home/davinci/tb_ws/install/turtlebot3_simulations/share/turtlebot3_simulations/cmake/turtlebot3_simulationsConfig-version.cmake
[1.631s] -- Symlinking: /home/davinci/tb_ws/install/turtlebot3_simulations/share/turtlebot3_simulations/package.xml
[1.646s] Invoked command in '/home/davinci/tb_ws/build/turtlebot3_simulations' returned '0': AMENT_PREFIX_PATH=/home/davinci/tb_ws/install/turtlebot3_fake_node:/home/davinci/tb_ws/install/turtlebot3_msgs:/home/davinci/tb_ws/install/turtlebot3_gazebo:${AMENT_PREFIX_PATH} CMAKE_PREFIX_PATH=/home/davinci/tb_ws/install/turtlebot3_fake_node:/home/davinci/tb_ws/install/turtlebot3_msgs:/home/davinci/tb_ws/install/turtlebot3_gazebo:/home/davinci/ros3_ws/install/ydlidar_ros2_driver:/home/davinci/ros3_ws/install/my_cpp_pkg:/opt/ros/jazzy/opt/gz_sim_vendor:/opt/ros/jazzy/opt/gz_sensors_vendor:/opt/ros/jazzy/opt/gz_physics_vendor:/opt/ros/jazzy/opt/sdformat_vendor:/opt/ros/jazzy/opt/gz_gui_vendor:/opt/ros/jazzy/opt/gz_transport_vendor:/opt/ros/jazzy/opt/gz_rendering_vendor:/opt/ros/jazzy/opt/gz_plugin_vendor:/opt/ros/jazzy/opt/gz_fuel_tools_vendor:/opt/ros/jazzy/opt/gz_msgs_vendor:/opt/ros/jazzy/opt/gz_common_vendor:/opt/ros/jazzy/opt/gz_math_vendor:/opt/ros/jazzy/opt/gz_utils_vendor:/opt/ros/jazzy/opt/gz_tools_vendor:/opt/ros/jazzy/opt/gz_ogre_next_vendor:/opt/ros/jazzy/opt/gz_dartsim_vendor:/opt/ros/jazzy/opt/gz_cmake_vendor:/home/davinci/ros3_ws/install/my_py_pkg:/opt/ros/jazzy DEBUGINFOD_URLS=https://debuginfod.ubuntu.com LD_LIBRARY_PATH=/home/davinci/tb_ws/install/turtlebot3_msgs/lib:${LD_LIBRARY_PATH} PYTHONPATH=/home/davinci/tb_ws/install/turtlebot3_msgs/lib/python3.12/site-packages:${PYTHONPATH} /usr/bin/cmake --install /home/davinci/tb_ws/build/turtlebot3_simulations
