[1.030s] Invoking command in '/home/davinci/tb_ws/build/turtlebot3_example': AMENT_PREFIX_PATH=/home/davinci/tb_ws/install/turtlebot3_msgs:${AMENT_PREFIX_PATH} CMAKE_PREFIX_PATH=/home/davinci/tb_ws/install/turtlebot3_msgs:${CMAKE_PREFIX_PATH} DEBUGINFOD_URLS=https://debuginfod.ubuntu.com LD_LIBRARY_PATH=/home/davinci/tb_ws/install/turtlebot3_msgs/lib:${LD_LIBRARY_PATH} PYTHONPATH=/home/davinci/tb_ws/build/turtlebot3_example/prefix_override:/usr/lib/python3/dist-packages/colcon_core/task/python/colcon_distutils_commands:/home/davinci/tb_ws/install/turtlebot3_example/lib/python3.12/site-packages:/home/davinci/tb_ws/install/turtlebot3_msgs/lib/python3.12/site-packages:${PYTHONPATH} /usr/bin/python3 -W ignore:setup.py install is deprecated -W ignore:easy_install command is deprecated setup.py develop --editable --build-directory /home/davinci/tb_ws/build/turtlebot3_example/build --no-deps symlink_data
[1.463s] running develop
[1.669s] running egg_info
[1.669s] creating turtlebot3_example.egg-info
[1.695s] writing turtlebot3_example.egg-info/PKG-INFO
[1.695s] writing dependency_links to turtlebot3_example.egg-info/dependency_links.txt
[1.696s] writing entry points to turtlebot3_example.egg-info/entry_points.txt
[1.696s] writing requirements to turtlebot3_example.egg-info/requires.txt
[1.696s] writing top-level names to turtlebot3_example.egg-info/top_level.txt
[1.696s] writing manifest file 'turtlebot3_example.egg-info/SOURCES.txt'
[1.737s] reading manifest file 'turtlebot3_example.egg-info/SOURCES.txt'
[1.738s] writing manifest file 'turtlebot3_example.egg-info/SOURCES.txt'
[1.759s] running build_ext
[1.759s] Creating /home/davinci/tb_ws/install/turtlebot3_example/lib/python3.12/site-packages/turtlebot3-example.egg-link (link to .)
[1.760s] Installing turtlebot3_interactive_marker script to /home/davinci/tb_ws/install/turtlebot3_example/lib/turtlebot3_example
[1.760s] Installing turtlebot3_obstacle_detection script to /home/davinci/tb_ws/install/turtlebot3_example/lib/turtlebot3_example
[1.760s] Installing turtlebot3_patrol_client script to /home/davinci/tb_ws/install/turtlebot3_example/lib/turtlebot3_example
[1.760s] Installing turtlebot3_patrol_server script to /home/davinci/tb_ws/install/turtlebot3_example/lib/turtlebot3_example
[1.760s] Installing turtlebot3_position_control_pointop_key script to /home/davinci/tb_ws/install/turtlebot3_example/lib/turtlebot3_example
[1.760s] 
[1.760s] Installed /home/davinci/tb_ws/build/turtlebot3_example
[1.761s] running symlink_data
[1.761s] creating /home/davinci/tb_ws/install/turtlebot3_example/share/ament_index
[1.761s] creating /home/davinci/tb_ws/install/turtlebot3_example/share/ament_index/resource_index
[1.761s] creating /home/davinci/tb_ws/install/turtlebot3_example/share/ament_index/resource_index/packages
[1.761s] symbolically linking /home/davinci/tb_ws/build/turtlebot3_example/resource/turtlebot3_example -> /home/davinci/tb_ws/install/turtlebot3_example/share/ament_index/resource_index/packages
[1.761s] symbolically linking /home/davinci/tb_ws/build/turtlebot3_example/package.xml -> /home/davinci/tb_ws/install/turtlebot3_example/share/turtlebot3_example
[1.797s] Invoked command in '/home/davinci/tb_ws/build/turtlebot3_example' returned '0': AMENT_PREFIX_PATH=/home/davinci/tb_ws/install/turtlebot3_msgs:${AMENT_PREFIX_PATH} CMAKE_PREFIX_PATH=/home/davinci/tb_ws/install/turtlebot3_msgs:${CMAKE_PREFIX_PATH} DEBUGINFOD_URLS=https://debuginfod.ubuntu.com LD_LIBRARY_PATH=/home/davinci/tb_ws/install/turtlebot3_msgs/lib:${LD_LIBRARY_PATH} PYTHONPATH=/home/davinci/tb_ws/build/turtlebot3_example/prefix_override:/usr/lib/python3/dist-packages/colcon_core/task/python/colcon_distutils_commands:/home/davinci/tb_ws/install/turtlebot3_example/lib/python3.12/site-packages:/home/davinci/tb_ws/install/turtlebot3_msgs/lib/python3.12/site-packages:${PYTHONPATH} /usr/bin/python3 -W ignore:setup.py install is deprecated -W ignore:easy_install command is deprecated setup.py develop --editable --build-directory /home/davinci/tb_ws/build/turtlebot3_example/build --no-deps symlink_data
