[0.011s] Invoking command in '/home/davinci/ydlidar/build/ydlidar_ros2_driver': CMAKE_PREFIX_PATH=${CMAKE_PREFIX_PATH}:/home/davinci/ros3_ws/install/my_py_pkg:/opt/ros/jazzy DEBUGINFOD_URLS=https://debuginfod.ubuntu.com /usr/bin/cmake --build /home/davinci/ydlidar/build/ydlidar_ros2_driver -- -j8 -l8
[0.076s] [ 50%] Built target ydlidar_ros2_driver_client
[0.077s] [100%] Built target ydlidar_ros2_driver_node
[0.086s] Invoked command in '/home/davinci/ydlidar/build/ydlidar_ros2_driver' returned '0': CMAKE_PREFIX_PATH=${CMAKE_PREFIX_PATH}:/home/davinci/ros3_ws/install/my_py_pkg:/opt/ros/jazzy DEBUGINFOD_URLS=https://debuginfod.ubuntu.com /usr/bin/cmake --build /home/davinci/ydlidar/build/ydlidar_ros2_driver -- -j8 -l8
[0.093s] Invoking command in '/home/davinci/ydlidar/build/ydlidar_ros2_driver': CMAKE_PREFIX_PATH=${CMAKE_PREFIX_PATH}:/home/davinci/ros3_ws/install/my_py_pkg:/opt/ros/jazzy DEBUGINFOD_URLS=https://debuginfod.ubuntu.com /usr/bin/cmake --install /home/davinci/ydlidar/build/ydlidar_ros2_driver
[0.100s] -- Install configuration: ""
[0.100s] -- Execute custom install script
[0.100s] -- Up-to-date symlink: /home/davinci/ydlidar/install/ydlidar_ros2_driver/lib/ydlidar_ros2_driver/ydlidar_ros2_driver_node
[0.100s] -- Up-to-date symlink: /home/davinci/ydlidar/install/ydlidar_ros2_driver/lib/ydlidar_ros2_driver/ydlidar_ros2_driver_client
[0.101s] -- Up-to-date symlink: /home/davinci/ydlidar/install/ydlidar_ros2_driver/share/ydlidar_ros2_driver/launch/ydlidar.py
[0.101s] -- Up-to-date symlink: /home/davinci/ydlidar/install/ydlidar_ros2_driver/share/ydlidar_ros2_driver/launch/ydlidar_launch.py
[0.101s] -- Up-to-date symlink: /home/davinci/ydlidar/install/ydlidar_ros2_driver/share/ydlidar_ros2_driver/launch/ydlidar_launch_view.py
[0.101s] -- Up-to-date symlink: /home/davinci/ydlidar/install/ydlidar_ros2_driver/share/ydlidar_ros2_driver/params/G1.yaml
[0.102s] -- Up-to-date symlink: /home/davinci/ydlidar/install/ydlidar_ros2_driver/share/ydlidar_ros2_driver/params/G2.yaml
[0.102s] -- Up-to-date symlink: /home/davinci/ydlidar/install/ydlidar_ros2_driver/share/ydlidar_ros2_driver/params/G6.yaml
[0.102s] -- Up-to-date symlink: /home/davinci/ydlidar/install/ydlidar_ros2_driver/share/ydlidar_ros2_driver/params/GS2.yaml
[0.102s] -- Up-to-date symlink: /home/davinci/ydlidar/install/ydlidar_ros2_driver/share/ydlidar_ros2_driver/params/GS5.yaml
[0.102s] -- Up-to-date symlink: /home/davinci/ydlidar/install/ydlidar_ros2_driver/share/ydlidar_ros2_driver/params/TEA.yaml
[0.102s] -- Up-to-date symlink: /home/davinci/ydlidar/install/ydlidar_ros2_driver/share/ydlidar_ros2_driver/params/TG.yaml
[0.102s] -- Up-to-date symlink: /home/davinci/ydlidar/install/ydlidar_ros2_driver/share/ydlidar_ros2_driver/params/TminiPro.yaml
[0.102s] -- Up-to-date symlink: /home/davinci/ydlidar/install/ydlidar_ros2_driver/share/ydlidar_ros2_driver/params/X2.yaml
[0.102s] -- Up-to-date symlink: /home/davinci/ydlidar/install/ydlidar_ros2_driver/share/ydlidar_ros2_driver/params/X3.yaml
[0.102s] -- Up-to-date symlink: /home/davinci/ydlidar/install/ydlidar_ros2_driver/share/ydlidar_ros2_driver/params/X4-Pro.yaml
[0.102s] -- Up-to-date symlink: /home/davinci/ydlidar/install/ydlidar_ros2_driver/share/ydlidar_ros2_driver/params/X4.yaml
[0.102s] -- Up-to-date symlink: /home/davinci/ydlidar/install/ydlidar_ros2_driver/share/ydlidar_ros2_driver/params/sdm15.yaml
[0.102s] -- Up-to-date symlink: /home/davinci/ydlidar/install/ydlidar_ros2_driver/share/ydlidar_ros2_driver/params/ydlidar.yaml
[0.102s] -- Up-to-date symlink: /home/davinci/ydlidar/install/ydlidar_ros2_driver/share/ydlidar_ros2_driver/startup/initenv.sh
[0.103s] -- Up-to-date symlink: /home/davinci/ydlidar/install/ydlidar_ros2_driver/share/ydlidar_ros2_driver/config/ydlidar.rviz
[0.103s] -- Up-to-date symlink: /home/davinci/ydlidar/install/ydlidar_ros2_driver/share/ament_index/resource_index/package_run_dependencies/ydlidar_ros2_driver
[0.103s] -- Up-to-date symlink: /home/davinci/ydlidar/install/ydlidar_ros2_driver/share/ament_index/resource_index/parent_prefix_path/ydlidar_ros2_driver
[0.103s] -- Up-to-date symlink: /home/davinci/ydlidar/install/ydlidar_ros2_driver/share/ydlidar_ros2_driver/environment/ament_prefix_path.sh
[0.103s] -- Up-to-date symlink: /home/davinci/ydlidar/install/ydlidar_ros2_driver/share/ydlidar_ros2_driver/environment/ament_prefix_path.dsv
[0.103s] -- Up-to-date symlink: /home/davinci/ydlidar/install/ydlidar_ros2_driver/share/ydlidar_ros2_driver/environment/path.sh
[0.103s] -- Up-to-date symlink: /home/davinci/ydlidar/install/ydlidar_ros2_driver/share/ydlidar_ros2_driver/environment/path.dsv
[0.103s] -- Up-to-date symlink: /home/davinci/ydlidar/install/ydlidar_ros2_driver/share/ydlidar_ros2_driver/local_setup.bash
[0.103s] -- Up-to-date symlink: /home/davinci/ydlidar/install/ydlidar_ros2_driver/share/ydlidar_ros2_driver/local_setup.sh
[0.104s] -- Up-to-date symlink: /home/davinci/ydlidar/install/ydlidar_ros2_driver/share/ydlidar_ros2_driver/local_setup.zsh
[0.104s] -- Up-to-date symlink: /home/davinci/ydlidar/install/ydlidar_ros2_driver/share/ydlidar_ros2_driver/local_setup.dsv
[0.104s] -- Symlinking: /home/davinci/ydlidar/install/ydlidar_ros2_driver/share/ydlidar_ros2_driver/package.dsv
[0.112s] -- Up-to-date symlink: /home/davinci/ydlidar/install/ydlidar_ros2_driver/share/ament_index/resource_index/packages/ydlidar_ros2_driver
[0.112s] -- Up-to-date symlink: /home/davinci/ydlidar/install/ydlidar_ros2_driver/share/ydlidar_ros2_driver/cmake/ydlidar_ros2_driverConfig.cmake
[0.112s] -- Up-to-date symlink: /home/davinci/ydlidar/install/ydlidar_ros2_driver/share/ydlidar_ros2_driver/cmake/ydlidar_ros2_driverConfig-version.cmake
[0.112s] -- Up-to-date symlink: /home/davinci/ydlidar/install/ydlidar_ros2_driver/share/ydlidar_ros2_driver/package.xml
[0.114s] Invoked command in '/home/davinci/ydlidar/build/ydlidar_ros2_driver' returned '0': CMAKE_PREFIX_PATH=${CMAKE_PREFIX_PATH}:/home/davinci/ros3_ws/install/my_py_pkg:/opt/ros/jazzy DEBUGINFOD_URLS=https://debuginfod.ubuntu.com /usr/bin/cmake --install /home/davinci/ydlidar/build/ydlidar_ros2_driver
