[1.481s] Invoking command in '/home/davinci/tb_ws/build/turtlebot3_teleop': DEBUGINFOD_URLS=https://debuginfod.ubuntu.com PYTHONPATH=/home/davinci/tb_ws/build/turtlebot3_teleop/prefix_override:/usr/lib/python3/dist-packages/colcon_core/task/python/colcon_distutils_commands:/home/davinci/tb_ws/install/turtlebot3_teleop/lib/python3.12/site-packages:${PYTHONPATH} /usr/bin/python3 -W ignore:setup.py install is deprecated -W ignore:easy_install command is deprecated setup.py develop --editable --build-directory /home/davinci/tb_ws/build/turtlebot3_teleop/build --no-deps symlink_data
[1.919s] running develop
[2.160s] running egg_info
[2.160s] creating turtlebot3_teleop.egg-info
[2.182s] writing turtlebot3_teleop.egg-info/PKG-INFO
[2.183s] writing dependency_links to turtlebot3_teleop.egg-info/dependency_links.txt
[2.183s] writing entry points to turtlebot3_teleop.egg-info/entry_points.txt
[2.183s] writing requirements to turtlebot3_teleop.egg-info/requires.txt
[2.183s] writing top-level names to turtlebot3_teleop.egg-info/top_level.txt
[2.183s] writing manifest file 'turtlebot3_teleop.egg-info/SOURCES.txt'
[2.237s] reading manifest file 'turtlebot3_teleop.egg-info/SOURCES.txt'
[2.238s] writing manifest file 'turtlebot3_teleop.egg-info/SOURCES.txt'
[2.266s] running build_ext
[2.266s] Creating /home/davinci/tb_ws/install/turtlebot3_teleop/lib/python3.12/site-packages/turtlebot3-teleop.egg-link (link to .)
[2.266s] Installing teleop_keyboard script to /home/davinci/tb_ws/install/turtlebot3_teleop/lib/turtlebot3_teleop
[2.267s] 
[2.267s] Installed /home/davinci/tb_ws/build/turtlebot3_teleop
[2.267s] running symlink_data
[2.267s] creating /home/davinci/tb_ws/install/turtlebot3_teleop/share/ament_index
[2.267s] creating /home/davinci/tb_ws/install/turtlebot3_teleop/share/ament_index/resource_index
[2.267s] creating /home/davinci/tb_ws/install/turtlebot3_teleop/share/ament_index/resource_index/packages
[2.268s] symbolically linking /home/davinci/tb_ws/build/turtlebot3_teleop/resource/turtlebot3_teleop -> /home/davinci/tb_ws/install/turtlebot3_teleop/share/ament_index/resource_index/packages
[2.268s] symbolically linking /home/davinci/tb_ws/build/turtlebot3_teleop/package.xml -> /home/davinci/tb_ws/install/turtlebot3_teleop/share/turtlebot3_teleop
[2.314s] Invoked command in '/home/davinci/tb_ws/build/turtlebot3_teleop' returned '0': DEBUGINFOD_URLS=https://debuginfod.ubuntu.com PYTHONPATH=/home/davinci/tb_ws/build/turtlebot3_teleop/prefix_override:/usr/lib/python3/dist-packages/colcon_core/task/python/colcon_distutils_commands:/home/davinci/tb_ws/install/turtlebot3_teleop/lib/python3.12/site-packages:${PYTHONPATH} /usr/bin/python3 -W ignore:setup.py install is deprecated -W ignore:easy_install command is deprecated setup.py develop --editable --build-directory /home/davinci/tb_ws/build/turtlebot3_teleop/build --no-deps symlink_data
